<?xml version="1.0" encoding="UTF-8"?>
<!-- Generated by org.testng.reporters.JUnitReportReporter -->
<testsuite skipped="0" hostname="LAPTOP-PLUC8CR4" name="scripts.AppiumTest" tests="1" failures="0" timestamp="2021-09-10T13:51:24 IST" time="0.001" errors="0">
  <testcase name="executeMobilescript" time="0.001" classname="scripts.AppiumTest"/>
  <system-out/>
</testsuite> <!-- scripts.AppiumTest -->
