<?xml version="1.0" encoding="UTF-8"?>
<!-- Generated by org.testng.reporters.JUnitReportReporter -->
<testsuite skipped="0" hostname="LAPTOP-PLUC8CR4" name="scripts.SeleniumTest" tests="1" failures="0" timestamp="2021-09-10T13:51:54 IST" time="0.005" errors="0">
  <testcase name="executescript" time="0.005" classname="scripts.SeleniumTest"/>
  <system-out/>
</testsuite> <!-- scripts.SeleniumTest -->
